f:\visualstudio_workspace\c-\c++基础\day01\debug\vc140.pdb
f:\visualstudio_workspace\c-\c++基础\day01\debug\vc140.idb
f:\visualstudio_workspace\c-\c++基础\day01\debug\01_hell word.obj
f:\visualstudio_workspace\c-\c++基础\day01\debug\02_自定义命名空间.obj
f:\visualstudio_workspace\c-\c++基础\day01\debug\03_c++语言增强的地方.obj
f:\visualstudio_workspace\c-\c++基础\day01\debug\04_c++中左值.obj
f:\visualstudio_workspace\c-\c++基础\day01\debug\05_c++ 中 const 增强.obj
f:\visualstudio_workspace\c-\c++基础\day01\debug\03_c语言.obj
f:\visualstudio_workspace\c-\c++基础\day01\debug\04_左值-三目运算符.obj
f:\visualstudio_workspace\c-\c++基础\day01\debug\05_c语言const.obj
f:\visualstudio_workspace\c-\c++基础\day01\debug\06_枚举.obj
f:\visualstudio_workspace\c-\c++基础\day01\debug\条件编译.obj
<<<<<<< HEAD
f:\visualstudio_workspace\c-\c++基础\debug\c++_day01.ilk
f:\visualstudio_workspace\c-\c++基础\debug\c++_day01.exe
f:\visualstudio_workspace\c-\c++基础\debug\c++_day01.pdb
f:\visualstudio_workspace\c-\c++基础\day01\debug\c++_day01.tlog\cl.command.1.tlog
f:\visualstudio_workspace\c-\c++基础\day01\debug\c++_day01.tlog\cl.read.1.tlog
f:\visualstudio_workspace\c-\c++基础\day01\debug\c++_day01.tlog\cl.write.1.tlog
f:\visualstudio_workspace\c-\c++基础\day01\debug\c++_day01.tlog\link.command.1.tlog
f:\visualstudio_workspace\c-\c++基础\day01\debug\c++_day01.tlog\link.read.1.tlog
f:\visualstudio_workspace\c-\c++基础\day01\debug\c++_day01.tlog\link.write.1.tlog
=======
e:\workspace\c-\c++基础\day01\debug\vc140.pdb
e:\workspace\c-\c++基础\day01\debug\vc140.idb
e:\workspace\c-\c++基础\day01\debug\01_hell word.obj
e:\workspace\c-\c++基础\day01\debug\02_自定义命名空间.obj
e:\workspace\c-\c++基础\day01\debug\03_c++语言增强的地方.obj
e:\workspace\c-\c++基础\day01\debug\04_c++中左值.obj
e:\workspace\c-\c++基础\day01\debug\05_c++ 中 const 增强.obj
e:\workspace\c-\c++基础\day01\debug\03_c语言.obj
e:\workspace\c-\c++基础\day01\debug\04_左值-三目运算符.obj
e:\workspace\c-\c++基础\day01\debug\05_c语言const.obj
e:\workspace\c-\c++基础\day01\debug\06_枚举.obj
e:\workspace\c-\c++基础\day01\debug\条件编译.obj
f:\visualstudio_workspace\c-\c++基础\debug\c++_day01.ilk
f:\visualstudio_workspace\c-\c++基础\debug\c++_day01.exe
f:\visualstudio_workspace\c-\c++基础\debug\c++_day01.pdb
e:\workspace\c-\c++基础\debug\c++_day01.ilk
e:\workspace\c-\c++基础\debug\c++_day01.exe
e:\workspace\c-\c++基础\debug\c++_day01.pdb
e:\workspace\c-\c++基础\day01\debug\c++_day01.tlog\cl.command.1.tlog
e:\workspace\c-\c++基础\day01\debug\c++_day01.tlog\cl.read.1.tlog
e:\workspace\c-\c++基础\day01\debug\c++_day01.tlog\cl.write.1.tlog
e:\workspace\c-\c++基础\day01\debug\c++_day01.tlog\link.command.1.tlog
e:\workspace\c-\c++基础\day01\debug\c++_day01.tlog\link.read.1.tlog
e:\workspace\c-\c++基础\day01\debug\c++_day01.tlog\link.write.1.tlog
>>>>>>> 13b84ed66fdc4bd521c8f8bcaf28af25434812aa
