f:\visualstudio_workspace\c-\c++基础\练习\debug\vc140.pdb
f:\visualstudio_workspace\c-\c++基础\练习\debug\vc140.idb
<<<<<<< HEAD
f:\visualstudio_workspace\c-\c++基础\练习\debug\node.obj
f:\visualstudio_workspace\c-\c++基础\练习\debug\test_1.obj
f:\visualstudio_workspace\c-\c++基础\debug\练习.ilk
f:\visualstudio_workspace\c-\c++基础\debug\练习.exe
f:\visualstudio_workspace\c-\c++基础\debug\练习.pdb
f:\visualstudio_workspace\c-\c++基础\练习\debug\练习.tlog\cl.command.1.tlog
f:\visualstudio_workspace\c-\c++基础\练习\debug\练习.tlog\cl.read.1.tlog
f:\visualstudio_workspace\c-\c++基础\练习\debug\练习.tlog\cl.write.1.tlog
f:\visualstudio_workspace\c-\c++基础\练习\debug\练习.tlog\link.command.1.tlog
f:\visualstudio_workspace\c-\c++基础\练习\debug\练习.tlog\link.read.1.tlog
f:\visualstudio_workspace\c-\c++基础\练习\debug\练习.tlog\link.write.1.tlog
=======
f:\visualstudio_workspace\c-\c++基础\练习\debug\test_1.obj
e:\workspace\c-\c++基础\练习\debug\vc140.pdb
e:\workspace\c-\c++基础\练习\debug\vc140.idb
e:\workspace\c-\c++基础\练习\debug\test_1.obj
f:\visualstudio_workspace\c-\c++基础\debug\练习.ilk
f:\visualstudio_workspace\c-\c++基础\debug\练习.exe
f:\visualstudio_workspace\c-\c++基础\debug\练习.pdb
e:\workspace\c-\c++基础\debug\练习.ilk
e:\workspace\c-\c++基础\debug\练习.exe
e:\workspace\c-\c++基础\debug\练习.pdb
e:\workspace\c-\c++基础\练习\debug\练习.tlog\cl.command.1.tlog
e:\workspace\c-\c++基础\练习\debug\练习.tlog\cl.read.1.tlog
e:\workspace\c-\c++基础\练习\debug\练习.tlog\cl.write.1.tlog
e:\workspace\c-\c++基础\练习\debug\练习.tlog\link.command.1.tlog
e:\workspace\c-\c++基础\练习\debug\练习.tlog\link.read.1.tlog
e:\workspace\c-\c++基础\练习\debug\练习.tlog\link.write.1.tlog
>>>>>>> 13b84ed66fdc4bd521c8f8bcaf28af25434812aa
