f:\visualstudio_workspace\c-\c++基础\day03\debug\vc140.pdb
f:\visualstudio_workspace\c-\c++基础\day03\debug\vc140.idb
f:\visualstudio_workspace\c-\c++基础\day03\debug\01_构造和析构函数.obj
f:\visualstudio_workspace\c-\c++基础\day03\debug\02_构造函数的初始化列表.obj
f:\visualstudio_workspace\c-\c++基础\day03\debug\03_new和delete.obj
f:\visualstudio_workspace\c-\c++基础\day03\debug\04_static变量与函数.obj
f:\visualstudio_workspace\c-\c++基础\day03\debug\05_this指针.obj
f:\visualstudio_workspace\c-\c++基础\day03\debug\06_友元函数.obj
f:\visualstudio_workspace\c-\c++基础\day03\debug\07_操作符重载.obj
f:\visualstudio_workspace\c-\c++基础\day03\debug\08_左移右移操作符重载.obj
f:\visualstudio_workspace\c-\c++基础\day03\debug\09_等号操作符的重载.obj
f:\visualstudio_workspace\c-\c++基础\debug\c++_day03.ilk
f:\visualstudio_workspace\c-\c++基础\debug\c++_day03.exe
f:\visualstudio_workspace\c-\c++基础\debug\c++_day03.pdb
f:\visualstudio_workspace\c-\c++基础\day03\debug\c++_day03.tlog\cl.command.1.tlog
f:\visualstudio_workspace\c-\c++基础\day03\debug\c++_day03.tlog\cl.read.1.tlog
f:\visualstudio_workspace\c-\c++基础\day03\debug\c++_day03.tlog\cl.write.1.tlog
f:\visualstudio_workspace\c-\c++基础\day03\debug\c++_day03.tlog\link.command.1.tlog
f:\visualstudio_workspace\c-\c++基础\day03\debug\c++_day03.tlog\link.read.1.tlog
f:\visualstudio_workspace\c-\c++基础\day03\debug\c++_day03.tlog\link.write.1.tlog
