f:\visualstudio_workspace\c-\c++基础\day04\debug\vc140.pdb
f:\visualstudio_workspace\c-\c++基础\day04\debug\vc140.idb
f:\visualstudio_workspace\c-\c++基础\day04\debug\01_myarray.obj
f:\visualstudio_workspace\c-\c++基础\day04\debug\02_小括号重载和new和delete.obj
f:\visualstudio_workspace\c-\c++基础\day04\debug\03_自定义智能指针.obj
f:\visualstudio_workspace\c-\c++基础\day04\debug\04_自定义string类.obj
f:\visualstudio_workspace\c-\c++基础\day04\debug\mystring.obj
<<<<<<< HEAD
f:\visualstudio_workspace\c-\c++基础\debug\c++_day04.ilk
f:\visualstudio_workspace\c-\c++基础\debug\c++_day04.exe
f:\visualstudio_workspace\c-\c++基础\debug\c++_day04.pdb
f:\visualstudio_workspace\c-\c++基础\day04\debug\c++_day04.tlog\cl.command.1.tlog
f:\visualstudio_workspace\c-\c++基础\day04\debug\c++_day04.tlog\cl.read.1.tlog
f:\visualstudio_workspace\c-\c++基础\day04\debug\c++_day04.tlog\cl.write.1.tlog
f:\visualstudio_workspace\c-\c++基础\day04\debug\c++_day04.tlog\link.command.1.tlog
f:\visualstudio_workspace\c-\c++基础\day04\debug\c++_day04.tlog\link.read.1.tlog
f:\visualstudio_workspace\c-\c++基础\day04\debug\c++_day04.tlog\link.write.1.tlog
=======
e:\workspace\c-\c++基础\day04\debug\vc140.pdb
e:\workspace\c-\c++基础\day04\debug\vc140.idb
e:\workspace\c-\c++基础\day04\debug\01_myarray.obj
e:\workspace\c-\c++基础\day04\debug\03_自定义智能指针.obj
e:\workspace\c-\c++基础\day04\debug\04_自定义string类.obj
f:\visualstudio_workspace\c-\c++基础\debug\c++_day04.ilk
f:\visualstudio_workspace\c-\c++基础\debug\c++_day04.exe
f:\visualstudio_workspace\c-\c++基础\debug\c++_day04.pdb
e:\workspace\c-\c++基础\debug\c++_day04.pdb
e:\workspace\c-\c++基础\debug\c++_day04.ilk
e:\workspace\c-\c++基础\day04\debug\c++_day04.tlog\cl.command.1.tlog
e:\workspace\c-\c++基础\day04\debug\c++_day04.tlog\cl.read.1.tlog
e:\workspace\c-\c++基础\day04\debug\c++_day04.tlog\cl.write.1.tlog
e:\workspace\c-\c++基础\day04\debug\c++_day04.tlog\link.command.1.tlog
e:\workspace\c-\c++基础\day04\debug\c++_day04.tlog\link.read.1.tlog
e:\workspace\c-\c++基础\day04\debug\c++_day04.tlog\link.write.1.tlog
>>>>>>> 13b84ed66fdc4bd521c8f8bcaf28af25434812aa
